


materialPath: C:\Program Files (x86)\Steam\steamapps\common\GarrysMod\garrysmod\materials
Loading C:\Users\Andrei\Documents\GMOD Maps\ttt_re2pd_SHORT.vmf
Patching WVT material: maps/ttt_re2pd_short/dev/dev_blendmeasure2_wvt_patch
fixing up env_cubemap materials on brush sides...
0...1...2...3...4...5...6...7...8...9...100...1...2...3...4...5...6...7...8...9...10Processing areas...Wrote C:\Users\Andrei\Documents\GMOD Maps\ttt_re2pd_SHORT.lin
Areaportal leak ! File: C:\Users\Andrei\Documents\GMOD Maps\ttt_re2pd_SHORT.lin 
Brush 93860: areaportal brush doesn't touch two areas
done (0)
Building Faces...done (0)
Chop Details...done (0)
Find Visible Detail Sides...
Merged 812 detail faces...done (0)
Merging details...done (0)
FixTjuncs...
PruneNodes...
WriteBSP...
done (0)
writing C:\Users\Andrei\Documents\GMOD Maps\ttt_re2pd_SHORT.prt...Building visibility clusters...
done (0)
Creating default LDR cubemaps for env_cubemap using skybox materials:
   skybox/sky_day02_09*.vmt
 ! Run buildcubemaps in the engine to get the correct cube maps.
Creating default HDR cubemaps for env_cubemap using skybox materials:
   skybox/sky_day02_09*.vmt
 ! Run buildcubemaps in the engine to get the correct cube maps.
Finding displacement neighbors...
Finding lightmap sample positions...
Displacement Alpha : 0...1...2...3...4...5...6...7...8...9...10
Building Physics collision data...
done (0) (697647 bytes)
Static prop models/props_c17/light_cagelight02_on.mdl outside the map (432.00, 1040.00, 433.54)
Static prop models/props_c17/light_cagelight02_on.mdl outside the map (672.00, 1040.00, 433.54)
Static prop models/props_c17/light_industrialbell01_on.mdl outside the map (448.00, 1120.00, 368.00)
Placing detail props : 0...1...2...3...4...5...6...7...8...9...10
Compacting texture/material tables...
Reduced 6141 texinfos to 4368
Reduced 55 texdatas to 49 (1377 bytes to 1145)
Writing C:\Users\Andrei\Documents\GMOD Maps\ttt_re2pd_SHORT.bsp
4 seconds elapsed



12 threads
reading c:\users\andrei\documents\gmod maps\ttt_re2pd_SHORT.bsp
reading c:\users\andrei\documents\gmod maps\ttt_re2pd_SHORT.prt
 787 portalclusters
2270 numportals
0...1...2...3...4...5...6...7...8...9...100...1...2...3...4...5...6...7...8...9...10Optimized: 442 visible clusters (0.42%)
Total clusters visible: 104615
Average clusters visible: 132
Building PAS...
Average clusters audible: 348
visdatasize:118062  compressed from 163696
writing c:\users\andrei\documents\gmod maps\ttt_re2pd_SHORT.bsp
4 seconds elapsed



[Reading texlights from 'lights.rad']
[45 texlights parsed from 'lights.rad']

Loading c:\users\andrei\documents\gmod maps\ttt_re2pd_SHORT.bsp
PREP OK
7972 faces
67 degenerate faces
459563 square feet [66177200.00 square inches]
0 Displacements
0 Square Feet [0.00 Square Inches]
7905 patches before subdivision
Zero area child patch at around 825.348694 1088.000000 495.852081
Zero area child patch at around 574.671814 1088.000000 495.852020
43431 patches after subdivision
154 direct lights
0...1...2...3...4...5...6...7...8...9...100...1...2...3...4...5...6...7...8...9...10transfers 7089593, max 1485
transfer lists:  54.1 megs
0...1...2...3...4...5...6...7...8...9...10	Bounce #1 added RGB(203170, 157204, 77999)
0...1...2...3...4...5...6...7...8...9...10	Bounce #2 added RGB(49940, 36426, 15022)
0...1...2...3...4...5...6...7...8...9...10	Bounce #3 added RGB(14168, 9836, 3454)
0...1...2...3...4...5...6...7...8...9...10	Bounce #4 added RGB(4212, 2774, 820)
0...1...2...3...4...5...6...7...8...9...10	Bounce #5 added RGB(1313, 817, 204)
0...1...2...3...4...5...6...7...8...9...10	Bounce #6 added RGB(422, 247, 52)
0...1...2...3...4...5...6...7...8...9...10	Bounce #7 added RGB(138, 76, 14)
0...1...2...3...4...5...6...7...8...9...10	Bounce #8 added RGB(46, 24, 4)
0...1...2...3...4...5...6...7...8...9...10	Bounce #9 added RGB(15, 8, 1)
0...1...2...3...4...5...6...7...8...9...10	Bounce #10 added RGB(5, 2, 0)
0...1...2...3...4...5...6...7...8...9...10	Bounce #11 added RGB(2, 1, 0)
0...1...2...3...4...5...6...7...8...9...10	Bounce #12 added RGB(1, 0, 0)
Build Patch/Sample Hash Table(s).....Done<0.0094 sec>
0...1...2...3...4...5...6...7...8...9...10FinalLightFace Done
0 of 0 (0% of) surface lights went in leaf ambient cubes.
0...1...2...3...4...5...6...7...8...9...10Writing leaf ambient...done
Ready to Finish

Object names       Objects/Maxobjs  Memory / Maxmem  Fullness 
------------       ---------------  ---------------  -------- 
models                   7/4096          336/196608   ( 0.2%) 
brushes               1552/16384       18624/196608   ( 9.5%) 
brushsides           14707/163840     117656/1310720  ( 9.0%) 
planes                9754/65536      195080/1310720  (14.9%) 
vertexes             15740/65536      188880/786432   (24.0%) 
nodes                 1491/65536       47712/2097152  ( 2.3%) 
texinfos              4368/12288      314496/884736   (35.5%) 
texdata                 49/2048         1568/65536    ( 2.4%) 
dispinfos                0/0               0/0        ( 0.0%) 
disp_verts               0/0               0/0        ( 0.0%) 
disp_tris                0/0               0/0        ( 0.0%) 
disp_lmsamples           0/0               0/0        ( 0.0%) 
faces                 7972/65536      446432/3670016  (12.2%) 
hdr faces                0/65536           0/3670016  ( 0.0%) 
origfaces             6279/65536      351624/3670016  ( 9.6%) 
leaves                1499/65536       47968/2097152  ( 2.3%) 
leaffaces            10115/65536       20230/131072   (15.4%) 
leafbrushes           2876/65536        5752/131072   ( 4.4%) 
areas                   11/1024           88/8192     ( 1.1%) 
surfedges            66002/512000     264008/2048000  (12.9%) 
edges                44589/256000     178356/1024000  (17.4%) 
LDR worldlights        154/8192        13552/720896   ( 1.9%) 
HDR worldlights          0/8192            0/720896   ( 0.0%) 
leafwaterdata            0/32768           0/393216   ( 0.0%) 
waterstrips            608/32768        6080/327680   ( 1.9%) 
waterverts               0/65536           0/786432   ( 0.0%) 
waterindices         20187/65536       40374/131072   (30.8%) 
cubemapsamples           0/1024            0/16384    ( 0.0%) 
overlays                 4/1024         1408/360448   ( 0.4%) 
LDR lightdata         [variable]     1867572/0        ( 0.0%) 
HDR lightdata         [variable]           0/0        ( 0.0%) 
visdata               [variable]      118062/16777216 ( 0.7%) 
entdata               [variable]      185070/393216   (47.1%) 
LDR ambient table     1499/65536        5996/262144   ( 2.3%) 
HDR ambient table     1499/65536        5996/262144   ( 2.3%) 
LDR leaf ambient      6787/65536      190036/1835008  (10.4%) 
HDR leaf ambient      1499/65536       41972/1835008  ( 2.3%) 
occluders                0/0               0/0        ( 0.0%) 
occluder polygons        0/0               0/0        ( 0.0%) 
occluder vert ind        0/0               0/0        ( 0.0%) 
detail props          [variable]           1/12       ( 8.3%) 
static props          [variable]           1/14274    ( 0.0%) 
pakfile               [variable]      175132/0        ( 0.0%) 
physics               [variable]      697647/4194304  (16.6%) 
physics terrain       [variable]           2/1048576  ( 0.0%) 

Level flags = 0

Total triangle count: 24796
Writing c:\users\andrei\documents\gmod maps\ttt_re2pd_SHORT.bsp
10 seconds elapsed



materialPath: C:\Program Files (x86)\Steam\steamapps\common\GarrysMod\garrysmod\materials
Loading C:\Users\Andrei\Documents\GMOD Maps\ttt_re2pd_SHORT.vmf
Patching WVT material: maps/ttt_re2pd_short/dev/dev_blendmeasure2_wvt_patch
fixing up env_cubemap materials on brush sides...
0...1...2...3...4...5...6...7...8...9...100...1...2...3...4...5...6...7...8...9...10Processing areas...Wrote C:\Users\Andrei\Documents\GMOD Maps\ttt_re2pd_SHORT.lin
Areaportal leak ! File: C:\Users\Andrei\Documents\GMOD Maps\ttt_re2pd_SHORT.lin 
Brush 93860: areaportal brush doesn't touch two areas
done (0)
Building Faces...done (0)
Chop Details...done (0)
Find Visible Detail Sides...
Merged 812 detail faces...done (0)
Merging details...done (0)
FixTjuncs...
PruneNodes...
WriteBSP...
done (0)
writing C:\Users\Andrei\Documents\GMOD Maps\ttt_re2pd_SHORT.prt...Building visibility clusters...
done (0)
Creating default LDR cubemaps for env_cubemap using skybox materials:
   skybox/sky_day02_09*.vmt
 ! Run buildcubemaps in the engine to get the correct cube maps.
Creating default HDR cubemaps for env_cubemap using skybox materials:
   skybox/sky_day02_09*.vmt
 ! Run buildcubemaps in the engine to get the correct cube maps.
Finding displacement neighbors...
Finding lightmap sample positions...
Displacement Alpha : 0...1...2...3...4...5...6...7...8...9...10
Building Physics collision data...
done (0) (697647 bytes)
Static prop models/props_c17/light_cagelight02_on.mdl outside the map (432.00, 1040.00, 433.54)
Static prop models/props_c17/light_cagelight02_on.mdl outside the map (672.00, 1040.00, 433.54)
Static prop models/props_c17/light_industrialbell01_on.mdl outside the map (448.00, 1120.00, 368.00)
Placing detail props : 0...1...2...3...4...5...6...7...8...9...10
Compacting texture/material tables...
Reduced 6141 texinfos to 4368
Reduced 55 texdatas to 49 (1377 bytes to 1145)
Writing C:\Users\Andrei\Documents\GMOD Maps\ttt_re2pd_SHORT.bsp
4 seconds elapsed



12 threads
reading c:\users\andrei\documents\gmod maps\ttt_re2pd_SHORT.bsp
reading c:\users\andrei\documents\gmod maps\ttt_re2pd_SHORT.prt
 787 portalclusters
2270 numportals
0...1...2...3...4...5...6...7...8...9...100...1...2...3...4...5...6...7...8...9...10Optimized: 442 visible clusters (0.42%)
Total clusters visible: 104615
Average clusters visible: 132
Building PAS...
Average clusters audible: 348
visdatasize:118062  compressed from 163696
writing c:\users\andrei\documents\gmod maps\ttt_re2pd_SHORT.bsp
4 seconds elapsed



[Reading texlights from 'lights.rad']
[45 texlights parsed from 'lights.rad']

Loading c:\users\andrei\documents\gmod maps\ttt_re2pd_SHORT.bsp
PREP OK
7972 faces
67 degenerate faces
459563 square feet [66177200.00 square inches]
0 Displacements
0 Square Feet [0.00 Square Inches]
7905 patches before subdivision
Zero area child patch at around 825.348694 1088.000000 495.852081
Zero area child patch at around 574.671814 1088.000000 495.852020
43431 patches after subdivision
154 direct lights
0...1...2...3...4...5...6...7...8...9...100...1...2...3...4...5...6...7...8...9...10transfers 7089593, max 1485
transfer lists:  54.1 megs
0...1...2...3...4...5...6...7...8...9...10	Bounce #1 added RGB(203171, 157204, 77999)
0...1...2...3...4...5...6...7...8...9...10	Bounce #2 added RGB(49940, 36426, 15022)
0...1...2...3...4...5...6...7...8...9...10	Bounce #3 added RGB(14168, 9836, 3454)
0...1...2...3...4...5...6...7...8...9...10	Bounce #4 added RGB(4212, 2774, 820)
0...1...2...3...4...5...6...7...8...9...10	Bounce #5 added RGB(1313, 817, 204)
0...1...2...3...4...5...6...7...8...9...10	Bounce #6 added RGB(422, 247, 52)
0...1...2...3...4...5...6...7...8...9...10	Bounce #7 added RGB(138, 76, 14)
0...1...2...3...4...5...6...7...8...9...10	Bounce #8 added RGB(46, 24, 4)
0...1...2...3...4...5...6...7...8...9...10	Bounce #9 added RGB(15, 8, 1)
0...1...2...3...4...5...6...7...8...9...10	Bounce #10 added RGB(5, 2, 0)
0...1...2...3...4...5...6...7...8...9...10	Bounce #11 added RGB(2, 1, 0)
0...1...2...3...4...5...6...7...8...9...10	Bounce #12 added RGB(1, 0, 0)
Build Patch/Sample Hash Table(s).....Done<0.0080 sec>
0...1...2...3...4...5...6...7...8...9...10FinalLightFace Done
0 of 0 (0% of) surface lights went in leaf ambient cubes.
0...1...2...3...4...5...6...7...8...9...10Writing leaf ambient...done
Ready to Finish

Object names       Objects/Maxobjs  Memory / Maxmem  Fullness 
------------       ---------------  ---------------  -------- 
models                   7/4096          336/196608   ( 0.2%) 
brushes               1552/16384       18624/196608   ( 9.5%) 
brushsides           14707/163840     117656/1310720  ( 9.0%) 
planes                9754/65536      195080/1310720  (14.9%) 
vertexes             15740/65536      188880/786432   (24.0%) 
nodes                 1491/65536       47712/2097152  ( 2.3%) 
texinfos              4368/12288      314496/884736   (35.5%) 
texdata                 49/2048         1568/65536    ( 2.4%) 
dispinfos                0/0               0/0        ( 0.0%) 
disp_verts               0/0               0/0        ( 0.0%) 
disp_tris                0/0               0/0        ( 0.0%) 
disp_lmsamples           0/0               0/0        ( 0.0%) 
faces                 7972/65536      446432/3670016  (12.2%) 
hdr faces                0/65536           0/3670016  ( 0.0%) 
origfaces             6279/65536      351624/3670016  ( 9.6%) 
leaves                1499/65536       47968/2097152  ( 2.3%) 
leaffaces            10115/65536       20230/131072   (15.4%) 
leafbrushes           2876/65536        5752/131072   ( 4.4%) 
areas                   11/1024           88/8192     ( 1.1%) 
surfedges            66002/512000     264008/2048000  (12.9%) 
edges                44589/256000     178356/1024000  (17.4%) 
LDR worldlights        154/8192        13552/720896   ( 1.9%) 
HDR worldlights          0/8192            0/720896   ( 0.0%) 
leafwaterdata            0/32768           0/393216   ( 0.0%) 
waterstrips            608/32768        6080/327680   ( 1.9%) 
waterverts               0/65536           0/786432   ( 0.0%) 
waterindices         20187/65536       40374/131072   (30.8%) 
cubemapsamples           0/1024            0/16384    ( 0.0%) 
overlays                 4/1024         1408/360448   ( 0.4%) 
LDR lightdata         [variable]     1867572/0        ( 0.0%) 
HDR lightdata         [variable]           0/0        ( 0.0%) 
visdata               [variable]      118062/16777216 ( 0.7%) 
entdata               [variable]      185223/393216   (47.1%) 
LDR ambient table     1499/65536        5996/262144   ( 2.3%) 
HDR ambient table     1499/65536        5996/262144   ( 2.3%) 
LDR leaf ambient      6787/65536      190036/1835008  (10.4%) 
HDR leaf ambient      1499/65536       41972/1835008  ( 2.3%) 
occluders                0/0               0/0        ( 0.0%) 
occluder polygons        0/0               0/0        ( 0.0%) 
occluder vert ind        0/0               0/0        ( 0.0%) 
detail props          [variable]           1/12       ( 8.3%) 
static props          [variable]           1/14274    ( 0.0%) 
pakfile               [variable]      175132/0        ( 0.0%) 
physics               [variable]      697647/4194304  (16.6%) 
physics terrain       [variable]           2/1048576  ( 0.0%) 

Level flags = 0

Total triangle count: 24796
Writing c:\users\andrei\documents\gmod maps\ttt_re2pd_SHORT.bsp
11 seconds elapsed



materialPath: C:\Program Files (x86)\Steam\steamapps\common\GarrysMod\garrysmod\materials
Loading C:\Users\Andrei\Documents\GMOD Maps\ttt_re2pd_SHORT.vmf
Patching WVT material: maps/ttt_re2pd_short/dev/dev_blendmeasure2_wvt_patch
fixing up env_cubemap materials on brush sides...
0...1...2...3...4...5...6...7...8...9...100...1...2...3...4...5...6...7...8...9...10Processing areas...done (0)
Building Faces...done (0)
Chop Details...done (0)
Find Visible Detail Sides...
Merged 812 detail faces...done (0)
Merging details...done (0)
FixTjuncs...
PruneNodes...
WriteBSP...
done (0)
writing C:\Users\Andrei\Documents\GMOD Maps\ttt_re2pd_SHORT.prt...Building visibility clusters...
done (0)
Creating default LDR cubemaps for env_cubemap using skybox materials:
   skybox/sky_day02_09*.vmt
 ! Run buildcubemaps in the engine to get the correct cube maps.
Creating default HDR cubemaps for env_cubemap using skybox materials:
   skybox/sky_day02_09*.vmt
 ! Run buildcubemaps in the engine to get the correct cube maps.
Finding displacement neighbors...
Finding lightmap sample positions...
Displacement Alpha : 0...1...2...3...4...5...6...7...8...9...10
Building Physics collision data...
done (1) (697647 bytes)
Static prop models/props_c17/light_cagelight02_on.mdl outside the map (432.00, 1040.00, 433.54)
Static prop models/props_c17/light_cagelight02_on.mdl outside the map (672.00, 1040.00, 433.54)
Static prop models/props_c17/light_industrialbell01_on.mdl outside the map (448.00, 1120.00, 368.00)
Placing detail props : 0...1...2...3...4...5...6...7...8...9...10
Compacting texture/material tables...
Reduced 6141 texinfos to 4368
Reduced 55 texdatas to 49 (1377 bytes to 1145)
Writing C:\Users\Andrei\Documents\GMOD Maps\ttt_re2pd_SHORT.bsp
4 seconds elapsed



12 threads
reading c:\users\andrei\documents\gmod maps\ttt_re2pd_SHORT.bsp
reading c:\users\andrei\documents\gmod maps\ttt_re2pd_SHORT.prt
 794 portalclusters
2284 numportals
0...1...2...3...4...5...6...7...8...9...100...1...2...3...4...5...6...7...8...9...10Optimized: 441 visible clusters (0.41%)
Total clusters visible: 107503
Average clusters visible: 135
Building PAS...
Average clusters audible: 353
visdatasize:120838  compressed from 165152
writing c:\users\andrei\documents\gmod maps\ttt_re2pd_SHORT.bsp
6 seconds elapsed



[Reading texlights from 'lights.rad']
[45 texlights parsed from 'lights.rad']

Loading c:\users\andrei\documents\gmod maps\ttt_re2pd_SHORT.bsp
PREP OK
7986 faces
67 degenerate faces
459563 square feet [66177200.00 square inches]
0 Displacements
0 Square Feet [0.00 Square Inches]
7919 patches before subdivision
Zero area child patch at around 825.348694 1088.000000 495.852081
Zero area child patch at around 574.671814 1088.000000 495.852020
43481 patches after subdivision
154 direct lights
0...1...2...3...4...5...6...7...8...9...100...1...2...3...4...5...6...7...8...9...10transfers 7090670, max 1485
transfer lists:  54.1 megs
0...1...2...3...4...5...6...7...8...9...10	Bounce #1 added RGB(203171, 157208, 78002)
0...1...2...3...4...5...6...7...8...9...10	Bounce #2 added RGB(49936, 36425, 15022)
0...1...2...3...4...5...6...7...8...9...10	Bounce #3 added RGB(14166, 9835, 3454)
0...1...2...3...4...5...6...7...8...9...10	Bounce #4 added RGB(4211, 2774, 820)
0...1...2...3...4...5...6...7...8...9...10	Bounce #5 added RGB(1312, 817, 204)
0...1...2...3...4...5...6...7...8...9...10	Bounce #6 added RGB(422, 247, 52)
0...1...2...3...4...5...6...7...8...9...10	Bounce #7 added RGB(138, 76, 14)
0...1...2...3...4...5...6...7...8...9...10	Bounce #8 added RGB(46, 24, 4)
0...1...2...3...4...5...6...7...8...9...10	Bounce #9 added RGB(15, 8, 1)
0...1...2...3...4...5...6...7...8...9...10	Bounce #10 added RGB(5, 2, 0)
0...1...2...3...4...5...6...7...8...9...10	Bounce #11 added RGB(2, 1, 0)
0...1...2...3...4...5...6...7...8...9...10	Bounce #12 added RGB(1, 0, 0)
Build Patch/Sample Hash Table(s).....Done<0.0093 sec>
0...1...2...3...4...5...6...7...8...9...10FinalLightFace Done
0 of 0 (0% of) surface lights went in leaf ambient cubes.
0...1...2...3...4...5...6...7...8...9...10Writing leaf ambient...done
Ready to Finish

Object names       Objects/Maxobjs  Memory / Maxmem  Fullness 
------------       ---------------  ---------------  -------- 
models                   7/4096          336/196608   ( 0.2%) 
brushes               1553/16384       18636/196608   ( 9.5%) 
brushsides           14713/163840     117704/1310720  ( 9.0%) 
planes                9754/65536      195080/1310720  (14.9%) 
vertexes             15754/65536      189048/786432   (24.0%) 
nodes                 1498/65536       47936/2097152  ( 2.3%) 
texinfos              4368/12288      314496/884736   (35.5%) 
texdata                 49/2048         1568/65536    ( 2.4%) 
dispinfos                0/0               0/0        ( 0.0%) 
disp_verts               0/0               0/0        ( 0.0%) 
disp_tris                0/0               0/0        ( 0.0%) 
disp_lmsamples           0/0               0/0        ( 0.0%) 
faces                 7986/65536      447216/3670016  (12.2%) 
hdr faces                0/65536           0/3670016  ( 0.0%) 
origfaces             6280/65536      351680/3670016  ( 9.6%) 
leaves                1506/65536       48192/2097152  ( 2.3%) 
leaffaces            10141/65536       20282/131072   (15.5%) 
leafbrushes           2890/65536        5780/131072   ( 4.4%) 
areas                   12/1024           96/8192     ( 1.2%) 
surfedges            66068/512000     264272/2048000  (12.9%) 
edges                44640/256000     178560/1024000  (17.4%) 
LDR worldlights        154/8192        13552/720896   ( 1.9%) 
HDR worldlights          0/8192            0/720896   ( 0.0%) 
leafwaterdata            0/32768           0/393216   ( 0.0%) 
waterstrips            606/32768        6060/327680   ( 1.8%) 
waterverts               0/65536           0/786432   ( 0.0%) 
waterindices         20160/65536       40320/131072   (30.8%) 
cubemapsamples           0/1024            0/16384    ( 0.0%) 
overlays                 4/1024         1408/360448   ( 0.4%) 
LDR lightdata         [variable]     1868748/0        ( 0.0%) 
HDR lightdata         [variable]           0/0        ( 0.0%) 
visdata               [variable]      120838/16777216 ( 0.7%) 
entdata               [variable]      185358/393216   (47.1%) 
LDR ambient table     1506/65536        6024/262144   ( 2.3%) 
HDR ambient table     1506/65536        6024/262144   ( 2.3%) 
LDR leaf ambient      6809/65536      190652/1835008  (10.4%) 
HDR leaf ambient      1506/65536       42168/1835008  ( 2.3%) 
occluders                0/0               0/0        ( 0.0%) 
occluder polygons        0/0               0/0        ( 0.0%) 
occluder vert ind        0/0               0/0        ( 0.0%) 
detail props          [variable]           1/12       ( 8.3%) 
static props          [variable]           1/14274    ( 0.0%) 
pakfile               [variable]      175132/0        ( 0.0%) 
physics               [variable]      697647/4194304  (16.6%) 
physics terrain       [variable]           2/1048576  ( 0.0%) 

Level flags = 0

Total triangle count: 24830
Writing c:\users\andrei\documents\gmod maps\ttt_re2pd_SHORT.bsp
11 seconds elapsed



materialPath: C:\Program Files (x86)\Steam\steamapps\common\GarrysMod\garrysmod\materials
Loading C:\Users\Andrei\Documents\GMOD Maps\ttt_re2pd_SHORT.vmf
Patching WVT material: maps/ttt_re2pd_short/dev/dev_blendmeasure2_wvt_patch
fixing up env_cubemap materials on brush sides...
0...1...2...3...4...5...6...7...8...9...100...1...2...3...4...5...6...7...8...9...10Processing areas...done (0)
Building Faces...done (0)
Chop Details...done (0)
Find Visible Detail Sides...
Merged 812 detail faces...done (0)
Merging details...done (0)
FixTjuncs...
PruneNodes...
WriteBSP...
done (0)
writing C:\Users\Andrei\Documents\GMOD Maps\ttt_re2pd_SHORT.prt...Building visibility clusters...
done (0)
Creating default LDR cubemaps for env_cubemap using skybox materials:
   skybox/sky_day02_09*.vmt
 ! Run buildcubemaps in the engine to get the correct cube maps.
Creating default HDR cubemaps for env_cubemap using skybox materials:
   skybox/sky_day02_09*.vmt
 ! Run buildcubemaps in the engine to get the correct cube maps.
Finding displacement neighbors...
Finding lightmap sample positions...
Displacement Alpha : 0...1...2...3...4...5...6...7...8...9...10
Building Physics collision data...
done (0) (703663 bytes)
Static prop models/props_c17/light_cagelight02_on.mdl outside the map (432.00, 1040.00, 433.54)
Static prop models/props_c17/light_cagelight02_on.mdl outside the map (672.00, 1040.00, 433.54)
Static prop models/props_c17/light_industrialbell01_on.mdl outside the map (448.00, 1120.00, 368.00)
Placing detail props : 0...1...2...3...4...5...6...7...8...9...10
Compacting texture/material tables...
Reduced 6167 texinfos to 4392
Reduced 59 texdatas to 53 (1481 bytes to 1249)
Writing C:\Users\Andrei\Documents\GMOD Maps\ttt_re2pd_SHORT.bsp
4 seconds elapsed



12 threads
reading c:\users\andrei\documents\gmod maps\ttt_re2pd_SHORT.bsp
reading c:\users\andrei\documents\gmod maps\ttt_re2pd_SHORT.prt
 809 portalclusters
2337 numportals
0...1...2...3...4...5...6...7...8...9...100...1...2...3...4...5...6...7...8...9...10Optimized: 472 visible clusters (0.42%)
Total clusters visible: 113671
Average clusters visible: 140
Building PAS...
Average clusters audible: 361
visdatasize:126373  compressed from 168272
writing c:\users\andrei\documents\gmod maps\ttt_re2pd_SHORT.bsp
6 seconds elapsed



[Reading texlights from 'lights.rad']
[45 texlights parsed from 'lights.rad']

Loading c:\users\andrei\documents\gmod maps\ttt_re2pd_SHORT.bsp
PREP OK
8037 faces
68 degenerate faces
459499 square feet [66167856.00 square inches]
0 Displacements
0 Square Feet [0.00 Square Inches]
7969 patches before subdivision
Zero area child patch at around 825.348694 1088.000000 495.852081
Zero area child patch at around 574.671814 1088.000000 495.852020
43649 patches after subdivision
150 direct lights
0...1...2...3...4...5...6...7...8...9...100...1...2...3...4...5...6...7...8...9...10transfers 7265699, max 1512
transfer lists:  55.4 megs
0...1...2...3...4...5...6...7...8...9...10	Bounce #1 added RGB(190191, 148138, 74691)
0...1...2...3...4...5...6...7...8...9...10	Bounce #2 added RGB(45121, 33280, 14098)
0...1...2...3...4...5...6...7...8...9...10	Bounce #3 added RGB(12300, 8681, 3175)
0...1...2...3...4...5...6...7...8...9...10	Bounce #4 added RGB(3518, 2374, 741)
0...1...2...3...4...5...6...7...8...9...10	Bounce #5 added RGB(1056, 679, 181)
0...1...2...3...4...5...6...7...8...9...10	Bounce #6 added RGB(329, 201, 46)
0...1...2...3...4...5...6...7...8...9...10	Bounce #7 added RGB(104, 60, 12)
0...1...2...3...4...5...6...7...8...9...10	Bounce #8 added RGB(34, 19, 3)
0...1...2...3...4...5...6...7...8...9...10	Bounce #9 added RGB(11, 6, 1)
0...1...2...3...4...5...6...7...8...9...10	Bounce #10 added RGB(4, 2, 0)
0...1...2...3...4...5...6...7...8...9...10	Bounce #11 added RGB(1, 1, 0)
0...1...2...3...4...5...6...7...8...9...10	Bounce #12 added RGB(0, 0, 0)
Build Patch/Sample Hash Table(s).....Done<0.0110 sec>
0...1...2...3...4...5...6...7...8...9...10FinalLightFace Done
0 of 0 (0% of) surface lights went in leaf ambient cubes.
0...1...2...3...4...5...6...7...8...9...10Writing leaf ambient...done
Ready to Finish

Object names       Objects/Maxobjs  Memory / Maxmem  Fullness 
------------       ---------------  ---------------  -------- 
models                   7/4096          336/196608   ( 0.2%) 
brushes               1571/16384       18852/196608   ( 9.6%) 
brushsides           14821/163840     118568/1310720  ( 9.0%) 
planes                9762/65536      195240/1310720  (14.9%) 
vertexes             15857/65536      190284/786432   (24.2%) 
nodes                 1528/65536       48896/2097152  ( 2.3%) 
texinfos              4392/12288      316224/884736   (35.7%) 
texdata                 53/2048         1696/65536    ( 2.6%) 
dispinfos                0/0               0/0        ( 0.0%) 
disp_verts               0/0               0/0        ( 0.0%) 
disp_tris                0/0               0/0        ( 0.0%) 
disp_lmsamples           0/0               0/0        ( 0.0%) 
faces                 8037/65536      450072/3670016  (12.3%) 
hdr faces                0/65536           0/3670016  ( 0.0%) 
origfaces             6312/65536      353472/3670016  ( 9.6%) 
leaves                1536/65536       49152/2097152  ( 2.3%) 
leaffaces            10211/65536       20422/131072   (15.6%) 
leafbrushes           2932/65536        5864/131072   ( 4.5%) 
areas                   12/1024           96/8192     ( 1.2%) 
surfedges            66487/512000     265948/2048000  (13.0%) 
edges                44894/256000     179576/1024000  (17.5%) 
LDR worldlights        150/8192        13200/720896   ( 1.8%) 
HDR worldlights          0/8192            0/720896   ( 0.0%) 
leafwaterdata            0/32768           0/393216   ( 0.0%) 
waterstrips            612/32768        6120/327680   ( 1.9%) 
waterverts               0/65536           0/786432   ( 0.0%) 
waterindices         20319/65536       40638/131072   (31.0%) 
cubemapsamples           0/1024            0/16384    ( 0.0%) 
overlays                 4/1024         1408/360448   ( 0.4%) 
LDR lightdata         [variable]     1871600/0        ( 0.0%) 
HDR lightdata         [variable]           0/0        ( 0.0%) 
visdata               [variable]      126373/16777216 ( 0.8%) 
entdata               [variable]      184360/393216   (46.9%) 
LDR ambient table     1536/65536        6144/262144   ( 2.3%) 
HDR ambient table     1536/65536        6144/262144   ( 2.3%) 
LDR leaf ambient      6882/65536      192696/1835008  (10.5%) 
HDR leaf ambient      1536/65536       43008/1835008  ( 2.3%) 
occluders                0/0               0/0        ( 0.0%) 
occluder polygons        0/0               0/0        ( 0.0%) 
occluder vert ind        0/0               0/0        ( 0.0%) 
detail props          [variable]           1/12       ( 8.3%) 
static props          [variable]           1/14076    ( 0.0%) 
pakfile               [variable]      175132/0        ( 0.0%) 
physics               [variable]      703663/4194304  (16.8%) 
physics terrain       [variable]           2/1048576  ( 0.0%) 

Level flags = 0

Total triangle count: 25019
Writing c:\users\andrei\documents\gmod maps\ttt_re2pd_SHORT.bsp
11 seconds elapsed
