


materialPath: C:\Program Files (x86)\Steam\steamapps\common\GarrysMod\garrysmod\materials
Loading C:\Users\Andrei\Documents\GMOD Maps\ttt_rpd.vmf
Patching WVT material: maps/ttt_rpd/dev/dev_blendmeasure2_wvt_patch
fixing up env_cubemap materials on brush sides...
0...1...2...3...4...5...6...7...8...9...100...1...2...3...4...5...6...7...8...9...10Processing areas...done (0)
Building Faces...done (0)
Chop Details...done (0)
Find Visible Detail Sides...
Merged 812 detail faces...done (0)
Merging details...done (0)
FixTjuncs...
PruneNodes...
WriteBSP...
done (0)
writing C:\Users\Andrei\Documents\GMOD Maps\ttt_rpd.prt...Building visibility clusters...
done (0)
Creating default LDR cubemaps for env_cubemap using skybox materials:
   skybox/sky_day02_09*.vmt
 ! Run buildcubemaps in the engine to get the correct cube maps.
Creating default HDR cubemaps for env_cubemap using skybox materials:
   skybox/sky_day02_09*.vmt
 ! Run buildcubemaps in the engine to get the correct cube maps.
Finding displacement neighbors...
Finding lightmap sample positions...
Displacement Alpha : 0...1...2...3...4...5...6...7...8...9...10
Building Physics collision data...
done (0) (703663 bytes)
Static prop models/props_c17/light_cagelight02_on.mdl outside the map (432.00, 1040.00, 433.54)
Static prop models/props_c17/light_cagelight02_on.mdl outside the map (672.00, 1040.00, 433.54)
Static prop models/props_c17/light_industrialbell01_on.mdl outside the map (448.00, 1120.00, 368.00)
Placing detail props : 0...1...2...3...4...5...6...7...8...9...10
Compacting texture/material tables...
Reduced 6167 texinfos to 4392
Reduced 59 texdatas to 53 (1441 bytes to 1241)
Writing C:\Users\Andrei\Documents\GMOD Maps\ttt_rpd.bsp
4 seconds elapsed



12 threads
reading c:\users\andrei\documents\gmod maps\ttt_rpd.bsp
reading c:\users\andrei\documents\gmod maps\ttt_rpd.prt
 809 portalclusters
2337 numportals
0...1...2...3...4...5...6...7...8...9...100...1...2...3...4...5...6...7...8...9...10Optimized: 472 visible clusters (0.42%)
Total clusters visible: 113671
Average clusters visible: 140
Building PAS...
Average clusters audible: 361
visdatasize:126373  compressed from 168272
writing c:\users\andrei\documents\gmod maps\ttt_rpd.bsp
5 seconds elapsed



[Reading texlights from 'lights.rad']
[45 texlights parsed from 'lights.rad']

Loading c:\users\andrei\documents\gmod maps\ttt_rpd.bsp
PREP OK
8037 faces
68 degenerate faces
459499 square feet [66167856.00 square inches]
0 Displacements
0 Square Feet [0.00 Square Inches]
7969 patches before subdivision
Zero area child patch at around 825.348694 1088.000000 495.852081
Zero area child patch at around 574.671814 1088.000000 495.852020
43649 patches after subdivision
150 direct lights
0...1...2...3...4...5...6...7...8...9...100...1...2...3...4...5...6...7...8...9...10transfers 7265699, max 1512
transfer lists:  55.4 megs
0...1...2...3...4...5...6...7...8...9...10	Bounce #1 added RGB(190191, 148138, 74691)
0...1...2...3...4...5...6...7...8...9...10	Bounce #2 added RGB(45121, 33280, 14098)
0...1...2...3...4...5...6...7...8...9...10	Bounce #3 added RGB(12300, 8681, 3175)
0...1...2...3...4...5...6...7...8...9...10	Bounce #4 added RGB(3518, 2374, 741)
0...1...2...3...4...5...6...7...8...9...10	Bounce #5 added RGB(1056, 679, 181)
0...1...2...3...4...5...6...7...8...9...10	Bounce #6 added RGB(329, 201, 46)
0...1...2...3...4...5...6...7...8...9...10	Bounce #7 added RGB(104, 60, 12)
0...1...2...3...4...5...6...7...8...9...10	Bounce #8 added RGB(34, 19, 3)
0...1...2...3...4...5...6...7...8...9...10	Bounce #9 added RGB(11, 6, 1)
0...1...2...3...4...5...6...7...8...9...10	Bounce #10 added RGB(4, 2, 0)
0...1...2...3...4...5...6...7...8...9...10	Bounce #11 added RGB(1, 1, 0)
0...1...2...3...4...5...6...7...8...9...10	Bounce #12 added RGB(0, 0, 0)
Build Patch/Sample Hash Table(s).....Done<0.0182 sec>
0...1...2...3...4...5...6...7...8...9...10FinalLightFace Done
0 of 0 (0% of) surface lights went in leaf ambient cubes.
0...1...2...3...4...5...6...7...8...9...10Writing leaf ambient...done
Ready to Finish

Object names       Objects/Maxobjs  Memory / Maxmem  Fullness 
------------       ---------------  ---------------  -------- 
models                   7/4096          336/196608   ( 0.2%) 
brushes               1571/16384       18852/196608   ( 9.6%) 
brushsides           14821/163840     118568/1310720  ( 9.0%) 
planes                9762/65536      195240/1310720  (14.9%) 
vertexes             15857/65536      190284/786432   (24.2%) 
nodes                 1528/65536       48896/2097152  ( 2.3%) 
texinfos              4392/12288      316224/884736   (35.7%) 
texdata                 53/2048         1696/65536    ( 2.6%) 
dispinfos                0/0               0/0        ( 0.0%) 
disp_verts               0/0               0/0        ( 0.0%) 
disp_tris                0/0               0/0        ( 0.0%) 
disp_lmsamples           0/0               0/0        ( 0.0%) 
faces                 8037/65536      450072/3670016  (12.3%) 
hdr faces                0/65536           0/3670016  ( 0.0%) 
origfaces             6312/65536      353472/3670016  ( 9.6%) 
leaves                1536/65536       49152/2097152  ( 2.3%) 
leaffaces            10211/65536       20422/131072   (15.6%) 
leafbrushes           2932/65536        5864/131072   ( 4.5%) 
areas                   12/1024           96/8192     ( 1.2%) 
surfedges            66487/512000     265948/2048000  (13.0%) 
edges                44894/256000     179576/1024000  (17.5%) 
LDR worldlights        150/8192        13200/720896   ( 1.8%) 
HDR worldlights          0/8192            0/720896   ( 0.0%) 
leafwaterdata            0/32768           0/393216   ( 0.0%) 
waterstrips            612/32768        6120/327680   ( 1.9%) 
waterverts               0/65536           0/786432   ( 0.0%) 
waterindices         20319/65536       40638/131072   (31.0%) 
cubemapsamples           0/1024            0/16384    ( 0.0%) 
overlays                 4/1024         1408/360448   ( 0.4%) 
LDR lightdata         [variable]     1871600/0        ( 0.0%) 
HDR lightdata         [variable]           0/0        ( 0.0%) 
visdata               [variable]      126373/16777216 ( 0.8%) 
entdata               [variable]      184360/393216   (46.9%) 
LDR ambient table     1536/65536        6144/262144   ( 2.3%) 
HDR ambient table     1536/65536        6144/262144   ( 2.3%) 
LDR leaf ambient      6882/65536      192696/1835008  (10.5%) 
HDR leaf ambient      1536/65536       43008/1835008  ( 2.3%) 
occluders                0/0               0/0        ( 0.0%) 
occluder polygons        0/0               0/0        ( 0.0%) 
occluder vert ind        0/0               0/0        ( 0.0%) 
detail props          [variable]           1/12       ( 8.3%) 
static props          [variable]           1/14076    ( 0.0%) 
pakfile               [variable]      174956/0        ( 0.0%) 
physics               [variable]      703663/4194304  (16.8%) 
physics terrain       [variable]           2/1048576  ( 0.0%) 

Level flags = 0

Total triangle count: 25019
Writing c:\users\andrei\documents\gmod maps\ttt_rpd.bsp
10 seconds elapsed



materialPath: C:\Program Files (x86)\Steam\steamapps\common\GarrysMod\garrysmod\materials
Loading C:\Users\Andrei\Documents\GMOD Maps\Raccoon Police Department\hammer\ttt_rpd.vmf
Patching WVT material: maps/ttt_rpd/dev/dev_blendmeasure2_wvt_patch
fixing up env_cubemap materials on brush sides...
0...1...2...3...4...5...6...7...8...9...100...1...2...3...4...5...6...7...8...9...10Processing areas...done (0)
Building Faces...done (0)
Chop Details...done (1)
Find Visible Detail Sides...
Merged 812 detail faces...done (1)
Merging details...done (0)
FixTjuncs...
PruneNodes...
WriteBSP...
done (0)
writing C:\Users\Andrei\Documents\GMOD Maps\Raccoon Police Department\hammer\ttt_rpd.prt...Building visibility clusters...
done (0)
Creating default LDR cubemaps for env_cubemap using skybox materials:
   skybox/sky_day02_09*.vmt
 ! Run buildcubemaps in the engine to get the correct cube maps.
Creating default HDR cubemaps for env_cubemap using skybox materials:
   skybox/sky_day02_09*.vmt
 ! Run buildcubemaps in the engine to get the correct cube maps.
Finding displacement neighbors...
Finding lightmap sample positions...
Displacement Alpha : 0...1...2...3...4...5...6...7...8...9...10
Building Physics collision data...
done (0) (704383 bytes)
Static prop models/props_c17/light_cagelight02_on.mdl outside the map (432.00, 1040.00, 433.54)
Static prop models/props_c17/light_cagelight02_on.mdl outside the map (672.00, 1040.00, 433.54)
Static prop models/props_c17/light_industrialbell01_on.mdl outside the map (448.00, 1120.00, 368.00)
Placing detail props : 0...1...2...3...4...5...6...7...8...9...10
Compacting texture/material tables...
Reduced 6171 texinfos to 4395
Reduced 60 texdatas to 54 (1466 bytes to 1266)
Writing C:\Users\Andrei\Documents\GMOD Maps\Raccoon Police Department\hammer\ttt_rpd.bsp
4 seconds elapsed



12 threads
reading c:\users\andrei\documents\gmod maps\raccoon police department\hammer\ttt_rpd.bsp
reading c:\users\andrei\documents\gmod maps\raccoon police department\hammer\ttt_rpd.prt
 811 portalclusters
2335 numportals
0...1...2...3...4...5...6...7...8...9...100...1...2...3...4...5...6...7...8...9...10Optimized: 461 visible clusters (0.41%)
Total clusters visible: 112814
Average clusters visible: 139
Building PAS...
Average clusters audible: 359
visdatasize:124300  compressed from 168688
writing c:\users\andrei\documents\gmod maps\raccoon police department\hammer\ttt_rpd.bsp
5 seconds elapsed



[Reading texlights from 'lights.rad']
[45 texlights parsed from 'lights.rad']

Loading c:\users\andrei\documents\gmod maps\raccoon police department\hammer\ttt_rpd.bsp
PREP OK
8035 faces
68 degenerate faces
459342 square feet [66145320.00 square inches]
0 Displacements
0 Square Feet [0.00 Square Inches]
7967 patches before subdivision
Zero area child patch at around 825.348694 1088.000000 495.852081
Zero area child patch at around 574.671814 1088.000000 495.852020
43677 patches after subdivision
150 direct lights
0...1...2...3...4...5...6...7...8...9...100...1...2...3...4...5...6...7...8...9...10transfers 7260584, max 1510
transfer lists:  55.4 megs
0...1...2...3...4...5...6...7...8...9...10	Bounce #1 added RGB(190849, 148699, 75017)
0...1...2...3...4...5...6...7...8...9...10	Bounce #2 added RGB(45277, 33416, 14169)
0...1...2...3...4...5...6...7...8...9...10	Bounce #3 added RGB(12376, 8744, 3203)
0...1...2...3...4...5...6...7...8...9...10	Bounce #4 added RGB(3541, 2393, 749)
0...1...2...3...4...5...6...7...8...9...10	Bounce #5 added RGB(1066, 687, 184)
0...1...2...3...4...5...6...7...8...9...10	Bounce #6 added RGB(332, 203, 47)
0...1...2...3...4...5...6...7...8...9...10	Bounce #7 added RGB(106, 61, 12)
0...1...2...3...4...5...6...7...8...9...10	Bounce #8 added RGB(34, 19, 3)
0...1...2...3...4...5...6...7...8...9...10	Bounce #9 added RGB(11, 6, 1)
0...1...2...3...4...5...6...7...8...9...10	Bounce #10 added RGB(4, 2, 0)
0...1...2...3...4...5...6...7...8...9...10	Bounce #11 added RGB(1, 1, 0)
0...1...2...3...4...5...6...7...8...9...10	Bounce #12 added RGB(0, 0, 0)
Build Patch/Sample Hash Table(s).....Done<0.0171 sec>
0...1...2...3...4...5...6...7...8...9...10FinalLightFace Done
0 of 0 (0% of) surface lights went in leaf ambient cubes.
0...1...2...3...4...5...6...7...8...9...10Writing leaf ambient...done
Ready to Finish

Object names       Objects/Maxobjs  Memory / Maxmem  Fullness 
------------       ---------------  ---------------  -------- 
models                   7/4096          336/196608   ( 0.2%) 
brushes               1573/16384       18876/196608   ( 9.6%) 
brushsides           14833/163840     118664/1310720  ( 9.1%) 
planes                9768/65536      195360/1310720  (14.9%) 
vertexes             15859/65536      190308/786432   (24.2%) 
nodes                 1530/65536       48960/2097152  ( 2.3%) 
texinfos              4395/12288      316440/884736   (35.8%) 
texdata                 54/2048         1728/65536    ( 2.6%) 
dispinfos                0/0               0/0        ( 0.0%) 
disp_verts               0/0               0/0        ( 0.0%) 
disp_tris                0/0               0/0        ( 0.0%) 
disp_lmsamples           0/0               0/0        ( 0.0%) 
faces                 8035/65536      449960/3670016  (12.3%) 
hdr faces                0/65536           0/3670016  ( 0.0%) 
origfaces             6312/65536      353472/3670016  ( 9.6%) 
leaves                1538/65536       49216/2097152  ( 2.3%) 
leaffaces            10230/65536       20460/131072   (15.6%) 
leafbrushes           2949/65536        5898/131072   ( 4.5%) 
areas                   12/1024           96/8192     ( 1.2%) 
surfedges            66471/512000     265884/2048000  (13.0%) 
edges                44891/256000     179564/1024000  (17.5%) 
LDR worldlights        150/8192        13200/720896   ( 1.8%) 
HDR worldlights          0/8192            0/720896   ( 0.0%) 
leafwaterdata            0/32768           0/393216   ( 0.0%) 
waterstrips            611/32768        6110/327680   ( 1.9%) 
waterverts               0/65536           0/786432   ( 0.0%) 
waterindices         20319/65536       40638/131072   (31.0%) 
cubemapsamples           0/1024            0/16384    ( 0.0%) 
overlays                 5/1024         1760/360448   ( 0.5%) 
LDR lightdata         [variable]     1885152/0        ( 0.0%) 
HDR lightdata         [variable]           0/0        ( 0.0%) 
visdata               [variable]      124300/16777216 ( 0.7%) 
entdata               [variable]      184360/393216   (46.9%) 
LDR ambient table     1538/65536        6152/262144   ( 2.3%) 
HDR ambient table     1538/65536        6152/262144   ( 2.3%) 
LDR leaf ambient      6816/65536      190848/1835008  (10.4%) 
HDR leaf ambient      1538/65536       43064/1835008  ( 2.3%) 
occluders                0/0               0/0        ( 0.0%) 
occluder polygons        0/0               0/0        ( 0.0%) 
occluder vert ind        0/0               0/0        ( 0.0%) 
detail props          [variable]           1/12       ( 8.3%) 
static props          [variable]           1/14080    ( 0.0%) 
pakfile               [variable]      174956/0        ( 0.0%) 
physics               [variable]      704383/4194304  (16.8%) 
physics terrain       [variable]           2/1048576  ( 0.0%) 

Level flags = 0

Total triangle count: 25007
Writing c:\users\andrei\documents\gmod maps\raccoon police department\hammer\ttt_rpd.bsp
11 seconds elapsed



materialPath: C:\Program Files (x86)\Steam\steamapps\common\GarrysMod\garrysmod\materials
Loading C:\Users\Andrei\Documents\GMOD Maps\Raccoon Police Department\hammer\ttt_rpd.vmf
Patching WVT material: maps/ttt_rpd/dev/dev_blendmeasure2_wvt_patch
fixing up env_cubemap materials on brush sides...
0...1...2...3...4...5...6...7...8...9...100...1...2...3...4...5...6...7...8...9...10Processing areas...done (0)
Building Faces...done (0)
Chop Details...done (0)
Find Visible Detail Sides...
Merged 812 detail faces...done (0)
Merging details...done (0)
FixTjuncs...
PruneNodes...
WriteBSP...
done (0)
writing C:\Users\Andrei\Documents\GMOD Maps\Raccoon Police Department\hammer\ttt_rpd.prt...Building visibility clusters...
done (0)
Creating default LDR cubemaps for env_cubemap using skybox materials:
   skybox/sky_day02_09*.vmt
 ! Run buildcubemaps in the engine to get the correct cube maps.
Creating default HDR cubemaps for env_cubemap using skybox materials:
   skybox/sky_day02_09*.vmt
 ! Run buildcubemaps in the engine to get the correct cube maps.
Finding displacement neighbors...
Finding lightmap sample positions...
Displacement Alpha : 0...1...2...3...4...5...6...7...8...9...10
Building Physics collision data...
done (0) (703991 bytes)
Static prop models/props_c17/light_cagelight02_on.mdl outside the map (432.00, 1040.00, 433.54)
Static prop models/props_c17/light_cagelight02_on.mdl outside the map (672.00, 1040.00, 433.54)
Static prop models/props_c17/light_industrialbell01_on.mdl outside the map (448.00, 1120.00, 368.00)
Placing detail props : 0...1...2...3...4...5...6...7...8...9...10
Compacting texture/material tables...
Reduced 6171 texinfos to 4393
Reduced 60 texdatas to 54 (1466 bytes to 1266)
Writing C:\Users\Andrei\Documents\GMOD Maps\Raccoon Police Department\hammer\ttt_rpd.bsp
4 seconds elapsed



12 threads
reading c:\users\andrei\documents\gmod maps\raccoon police department\hammer\ttt_rpd.bsp
reading c:\users\andrei\documents\gmod maps\raccoon police department\hammer\ttt_rpd.prt
 811 portalclusters
2335 numportals
0...1...2...3...4...5...6...7...8...9...100...1...2...3...4...5...6...7...8...9...10Optimized: 460 visible clusters (0.41%)
Total clusters visible: 112813
Average clusters visible: 139
Building PAS...
Average clusters audible: 359
visdatasize:124300  compressed from 168688
writing c:\users\andrei\documents\gmod maps\raccoon police department\hammer\ttt_rpd.bsp
6 seconds elapsed



[Reading texlights from 'lights.rad']
[45 texlights parsed from 'lights.rad']

Loading c:\users\andrei\documents\gmod maps\raccoon police department\hammer\ttt_rpd.bsp
PREP OK
8030 faces
68 degenerate faces
459296 square feet [66138664.00 square inches]
0 Displacements
0 Square Feet [0.00 Square Inches]
7962 patches before subdivision
Zero area child patch at around 825.348694 1088.000000 495.852081
Zero area child patch at around 574.671814 1088.000000 495.852020
43654 patches after subdivision
150 direct lights
0...1...2...3...4...5...6...7...8...9...100...1...2...3...4...5...6...7...8...9...10transfers 7260517, max 1510
transfer lists:  55.4 megs
0...1...2...3...4...5...6...7...8...9...10	Bounce #1 added RGB(190840, 148688, 75007)
0...1...2...3...4...5...6...7...8...9...10	Bounce #2 added RGB(45276, 33415, 14168)
0...1...2...3...4...5...6...7...8...9...10	Bounce #3 added RGB(12376, 8744, 3203)
0...1...2...3...4...5...6...7...8...9...10	Bounce #4 added RGB(3540, 2393, 749)
0...1...2...3...4...5...6...7...8...9...10	Bounce #5 added RGB(1066, 687, 184)
0...1...2...3...4...5...6...7...8...9...10	Bounce #6 added RGB(332, 203, 47)
0...1...2...3...4...5...6...7...8...9...10	Bounce #7 added RGB(106, 61, 12)
0...1...2...3...4...5...6...7...8...9...10	Bounce #8 added RGB(34, 19, 3)
0...1...2...3...4...5...6...7...8...9...10	Bounce #9 added RGB(11, 6, 1)
0...1...2...3...4...5...6...7...8...9...10	Bounce #10 added RGB(4, 2, 0)
0...1...2...3...4...5...6...7...8...9...10	Bounce #11 added RGB(1, 1, 0)
0...1...2...3...4...5...6...7...8...9...10	Bounce #12 added RGB(0, 0, 0)
Build Patch/Sample Hash Table(s).....Done<0.0164 sec>
0...1...2...3...4...5...6...7...8...9...10FinalLightFace Done
0 of 0 (0% of) surface lights went in leaf ambient cubes.
0...1...2...3...4...5...6...7...8...9...10Writing leaf ambient...done
Ready to Finish

Object names       Objects/Maxobjs  Memory / Maxmem  Fullness 
------------       ---------------  ---------------  -------- 
models                   7/4096          336/196608   ( 0.2%) 
brushes               1572/16384       18864/196608   ( 9.6%) 
brushsides           14827/163840     118616/1310720  ( 9.0%) 
planes                9766/65536      195320/1310720  (14.9%) 
vertexes             15851/65536      190212/786432   (24.2%) 
nodes                 1530/65536       48960/2097152  ( 2.3%) 
texinfos              4393/12288      316296/884736   (35.8%) 
texdata                 54/2048         1728/65536    ( 2.6%) 
dispinfos                0/0               0/0        ( 0.0%) 
disp_verts               0/0               0/0        ( 0.0%) 
disp_tris                0/0               0/0        ( 0.0%) 
disp_lmsamples           0/0               0/0        ( 0.0%) 
faces                 8030/65536      449680/3670016  (12.3%) 
hdr faces                0/65536           0/3670016  ( 0.0%) 
origfaces             6307/65536      353192/3670016  ( 9.6%) 
leaves                1538/65536       49216/2097152  ( 2.3%) 
leaffaces            10225/65536       20450/131072   (15.6%) 
leafbrushes           2948/65536        5896/131072   ( 4.5%) 
areas                   12/1024           96/8192     ( 1.2%) 
surfedges            66431/512000     265724/2048000  (13.0%) 
edges                44867/256000     179468/1024000  (17.5%) 
LDR worldlights        150/8192        13200/720896   ( 1.8%) 
HDR worldlights          0/8192            0/720896   ( 0.0%) 
leafwaterdata            0/32768           0/393216   ( 0.0%) 
waterstrips            611/32768        6110/327680   ( 1.9%) 
waterverts               0/65536           0/786432   ( 0.0%) 
waterindices         20319/65536       40638/131072   (31.0%) 
cubemapsamples           0/1024            0/16384    ( 0.0%) 
overlays                 5/1024         1760/360448   ( 0.5%) 
LDR lightdata         [variable]     1883692/0        ( 0.0%) 
HDR lightdata         [variable]           0/0        ( 0.0%) 
visdata               [variable]      124300/16777216 ( 0.7%) 
entdata               [variable]      184540/393216   (46.9%) 
LDR ambient table     1538/65536        6152/262144   ( 2.3%) 
HDR ambient table     1538/65536        6152/262144   ( 2.3%) 
LDR leaf ambient      6817/65536      190876/1835008  (10.4%) 
HDR leaf ambient      1538/65536       43064/1835008  ( 2.3%) 
occluders                0/0               0/0        ( 0.0%) 
occluder polygons        0/0               0/0        ( 0.0%) 
occluder vert ind        0/0               0/0        ( 0.0%) 
detail props          [variable]           1/12       ( 8.3%) 
static props          [variable]           1/14080    ( 0.0%) 
pakfile               [variable]      174956/0        ( 0.0%) 
physics               [variable]      703991/4194304  (16.8%) 
physics terrain       [variable]           2/1048576  ( 0.0%) 

Level flags = 0

Total triangle count: 24997
Writing c:\users\andrei\documents\gmod maps\raccoon police department\hammer\ttt_rpd.bsp
11 seconds elapsed



materialPath: D:\SteamLibrary\steamapps\common\GarrysMod\garrysmod\materials
Loading d:\documents\gmod maps\ttt_rpd\hammer\ttt_rpd.vmf
Patching WVT material: maps/ttt_rpd/dev/dev_blendmeasure2_wvt_patch
Patching WVT material: maps/ttt_rpd/dev/dev_blendmeasure_wvt_patch
fixing up env_cubemap materials on brush sides...
0...1...2...3...4...5...6...7...8...9...100...1...2...3...4...5...6...7...8...9...10Processing areas...done (0)
Building Faces...done (0)
Chop Details...done (0)
Find Visible Detail Sides...
Merged 2084 detail faces...done (0)
Merging details...done (0)
FixTjuncs...
PruneNodes...
WriteBSP...
done (1)
writing d:\documents\gmod maps\ttt_rpd\hammer\ttt_rpd.prt...Building visibility clusters...
done (0)
Creating default LDR cubemaps for env_cubemap using skybox materials:
   skybox/sky_day02_09*.vmt
 ! Run buildcubemaps in the engine to get the correct cube maps.
Creating default HDR cubemaps for env_cubemap using skybox materials:
   skybox/sky_day02_09*.vmt
 ! Run buildcubemaps in the engine to get the correct cube maps.
Finding displacement neighbors...
Finding lightmap sample positions...
Displacement Alpha : 0...1...2...3...4...5...6...7...8...9...10
Building Physics collision data...
done (0) (1103593 bytes)
Error! prop_static using model "models/props_interiors/radiator01a.mdl", which must be used on a dynamic entity (i.e. prop_physics). Deleted.
Error loading studio model STATIC "models/props_interiors/radiator01a.mdl"!
Placing detail props : 0...1...2...3...4...5...6...7...8...9...10
Compacting texture/material tables...
Reduced 9974 texinfos to 6681
Reduced 102 texdatas to 93 (2460 bytes to 2159)
Writing d:\documents\gmod maps\ttt_rpd\hammer\ttt_rpd.bsp
4 seconds elapsed



12 threads
reading d:\documents\gmod maps\ttt_rpd\hammer\ttt_rpd.bsp
reading d:\documents\gmod maps\ttt_rpd\hammer\ttt_rpd.prt
1188 portalclusters
3318 numportals
0...1...2...3...4...5...6...7...8...9...100...1...2...3...4...5...6...7...8...9...10Optimized: 1238 visible clusters (0.63%)
Total clusters visible: 196060
Average clusters visible: 165
Building PAS...
Average clusters audible: 578
visdatasize:240853  compressed from 361152
writing d:\documents\gmod maps\ttt_rpd\hammer\ttt_rpd.bsp
7 seconds elapsed



[Reading texlights from 'lights.rad']
[45 texlights parsed from 'lights.rad']

Loading d:\documents\gmod maps\ttt_rpd\hammer\ttt_rpd.bsp
PREP OK
13043 faces
64 degenerate faces
701277 square feet [100983888.00 square inches]
1 Displacements
914 Square Feet [131712.00 Square Inches]
12979 patches before subdivision
222871 patches after subdivision
361 direct lights
0...1...2...3...4...5...6...7...8...9...100...1...2...3...4...5...6...7...8...9...10transfers 33381586, max 1742
transfer lists: 254.7 megs
0...1...2...3...4...5...6...7...8...9...10	Bounce #1 added RGB(505234, 463501, 303274)
0...1...2...3...4...5...6...7...8...9...10	Bounce #2 added RGB(126046, 107255, 56318)
0...1...2...3...4...5...6...7...8...9...10	Bounce #3 added RGB(35684, 28311, 12320)
0...1...2...3...4...5...6...7...8...9...10	Bounce #4 added RGB(10620, 7789, 2801)
0...1...2...3...4...5...6...7...8...9...10	Bounce #5 added RGB(3297, 2227, 666)
0...1...2...3...4...5...6...7...8...9...10	Bounce #6 added RGB(1053, 653, 163)
0...1...2...3...4...5...6...7...8...9...10	Bounce #7 added RGB(342, 195, 41)
0...1...2...3...4...5...6...7...8...9...10	Bounce #8 added RGB(113, 59, 11)
0...1...2...3...4...5...6...7...8...9...10	Bounce #9 added RGB(38, 18, 3)
0...1...2...3...4...5...6...7...8...9...10	Bounce #10 added RGB(13, 6, 1)
0...1...2...3...4...5...6...7...8...9...10	Bounce #11 added RGB(4, 2, 0)
0...1...2...3...4...5...6...7...8...9...10	Bounce #12 added RGB(1, 1, 0)
0...1...2...3...4...5...6...7...8...9...10	Bounce #13 added RGB(1, 0, 0)
Build Patch/Sample Hash Table(s).....Done<0.0347 sec>
0...1...2...3...4...5...6...7...8...9...10FinalLightFace Done
Computing detail prop lighting : 0...1...2...3...4...5...6...7...8...9...10
202 of 202 (100% of) surface lights went in leaf ambient cubes.
0...1...2...3...4...5...6...7...8...9...10Writing leaf ambient...done
Ready to Finish

Object names       Objects/Maxobjs  Memory / Maxmem  Fullness 
------------       ---------------  ---------------  -------- 
models                  33/4096         1584/196608   ( 0.8%) 
brushes               2563/16384       30756/196608   (15.6%) 
brushsides           24117/163840     192936/1310720  (14.7%) 
planes               15448/65536      308960/1310720  (23.6%) 
vertexes             26037/65536      312444/786432   (39.7%) 
nodes                 2604/65536       83328/2097152  ( 4.0%) 
texinfos              6681/12288      481032/884736   (54.4%) 
texdata                 93/2048         2976/65536    ( 4.5%) 
dispinfos                1/0             176/0        ( 0.0%) 
disp_verts              81/0            1620/0        ( 0.0%) 
disp_tris              128/0             256/0        ( 0.0%) 
disp_lmsamples        8976/0            8976/0        ( 0.0%) 
faces                13043/65536      730408/3670016  (19.9%) 
hdr faces                0/65536           0/3670016  ( 0.0%) 
origfaces             9754/65536      546224/3670016  (14.9%) 
leaves                2638/65536       84416/2097152  ( 4.0%) 
leaffaces            16809/65536       33618/131072   (25.6%) 
leafbrushes           4642/65536        9284/131072   ( 7.1%) 
areas                    2/1024           16/8192     ( 0.2%) 
surfedges           105299/512000     421196/2048000  (20.6%) 
edges                69604/256000     278416/1024000  (27.2%) 
LDR worldlights        361/8192        31768/720896   ( 4.4%) 
HDR worldlights          0/8192            0/720896   ( 0.0%) 
leafwaterdata            0/32768           0/393216   ( 0.0%) 
waterstrips           1278/32768       12780/327680   ( 3.9%) 
waterverts               0/65536           0/786432   ( 0.0%) 
waterindices         32709/65536       65418/131072   (49.9%) 
cubemapsamples           0/1024            0/16384    ( 0.0%) 
overlays                10/1024         3520/360448   ( 1.0%) 
LDR lightdata         [variable]     9282024/0        ( 0.0%) 
HDR lightdata         [variable]           0/0        ( 0.0%) 
visdata               [variable]      240853/16777216 ( 1.4%) 
entdata               [variable]      341054/393216   (86.7%) VERY FULL!
LDR ambient table     2638/65536       10552/262144   ( 4.0%) 
HDR ambient table     2638/65536       10552/262144   ( 4.0%) 
LDR leaf ambient     12027/65536      336756/1835008  (18.4%) 
HDR leaf ambient      2638/65536       73864/1835008  ( 4.0%) 
occluders                0/0               0/0        ( 0.0%) 
occluder polygons        0/0               0/0        ( 0.0%) 
occluder vert ind        0/0               0/0        ( 0.0%) 
detail props          [variable]           1/11808    ( 0.0%) 
dtl prp lght          [variable]           1/4        (25.0%) 
HDR dtl prp lght      [variable]           1/4        (25.0%) 
static props          [variable]           1/16414    ( 0.0%) 
pakfile               [variable]      175893/0        ( 0.0%) 
physics               [variable]     1103593/4194304  (26.3%) 
physics terrain       [variable]          55/1048576  ( 0.0%) 

Level flags = 0

Total triangle count: 40059
Writing d:\documents\gmod maps\ttt_rpd\hammer\ttt_rpd.bsp
1 minute, 8 seconds elapsed



[Reading texlights from 'lights.rad']
[45 texlights parsed from 'lights.rad']

Loading d:\documents\gmod maps\ttt_rpd\hammer\ttt_rpd.bsp
PREP OK
13043 faces
64 degenerate faces
701277 square feet [100983888.00 square inches]
1 Displacements
914 Square Feet [131712.00 Square Inches]
12979 patches before subdivision
222871 patches after subdivision
361 direct lights
0...1...2...3...4...5...6...7...8...9...100...1...2...3...4...5...6...7...8...9...10transfers 33381586, max 1742
transfer lists: 254.7 megs
0...1...2...3...4...5...6...7...8...9...10	Bounce #1 added RGB(505237, 463503, 303275)
0...1...2...3...4...5...6...7...8...9...10	Bounce #2 added RGB(126047, 107256, 56318)
0...1...2...3...4...5...6...7...8...9...10	Bounce #3 added RGB(35684, 28311, 12320)
0...1...2...3...4...5...6...7...8...9...10	Bounce #4 added RGB(10620, 7789, 2801)
0...1...2...3...4...5...6...7...8...9...10	Bounce #5 added RGB(3297, 2227, 666)
0...1...2...3...4...5...6...7...8...9...10	Bounce #6 added RGB(1053, 653, 163)
0...1...2...3...4...5...6...7...8...9...10	Bounce #7 added RGB(342, 195, 41)
0...1...2...3...4...5...6...7...8...9...10	Bounce #8 added RGB(113, 59, 11)
0...1...2...3...4...5...6...7...8...9...10	Bounce #9 added RGB(38, 18, 3)
0...1...2...3...4...5...6...7...8...9...10	Bounce #10 added RGB(13, 6, 1)
0...1...2...3...4...5...6...7...8...9...10	Bounce #11 added RGB(4, 2, 0)
0...1...2...3...4...5...6...7...8...9...10	Bounce #12 added RGB(1, 1, 0)
0...1...2...3...4...5...6...7...8...9...10	Bounce #13 added RGB(1, 0, 0)
Build Patch/Sample Hash Table(s).....Done<0.0336 sec>
0...1...2...3...4...5...6...7...8...9...10FinalLightFace Done
Computing detail prop lighting : 0...1...2...3...4...5...6...7...8...9...10
202 of 202 (100% of) surface lights went in leaf ambient cubes.
0...1...2...3...4...5...6...7...8...9...10Writing leaf ambient...done
Ready to Finish

Object names       Objects/Maxobjs  Memory / Maxmem  Fullness 
------------       ---------------  ---------------  -------- 
models                  33/4096         1584/196608   ( 0.8%) 
brushes               2563/16384       30756/196608   (15.6%) 
brushsides           24117/163840     192936/1310720  (14.7%) 
planes               15448/65536      308960/1310720  (23.6%) 
vertexes             26037/65536      312444/786432   (39.7%) 
nodes                 2604/65536       83328/2097152  ( 4.0%) 
texinfos              6681/12288      481032/884736   (54.4%) 
texdata                 93/2048         2976/65536    ( 4.5%) 
dispinfos                1/0             176/0        ( 0.0%) 
disp_verts              81/0            1620/0        ( 0.0%) 
disp_tris              128/0             256/0        ( 0.0%) 
disp_lmsamples        8976/0            8976/0        ( 0.0%) 
faces                13043/65536      730408/3670016  (19.9%) 
hdr faces            13043/65536      730408/3670016  (19.9%) 
origfaces             9754/65536      546224/3670016  (14.9%) 
leaves                2638/65536       84416/2097152  ( 4.0%) 
leaffaces            16809/65536       33618/131072   (25.6%) 
leafbrushes           4642/65536        9284/131072   ( 7.1%) 
areas                    2/1024           16/8192     ( 0.2%) 
surfedges           105299/512000     421196/2048000  (20.6%) 
edges                69604/256000     278416/1024000  (27.2%) 
LDR worldlights        361/8192        31768/720896   ( 4.4%) 
HDR worldlights        361/8192        31768/720896   ( 4.4%) 
leafwaterdata            0/32768           0/393216   ( 0.0%) 
waterstrips           1278/32768       12780/327680   ( 3.9%) 
waterverts               0/65536           0/786432   ( 0.0%) 
waterindices         32709/65536       65418/131072   (49.9%) 
cubemapsamples           0/1024            0/16384    ( 0.0%) 
overlays                10/1024         3520/360448   ( 1.0%) 
LDR lightdata         [variable]     9282024/0        ( 0.0%) 
HDR lightdata         [variable]     9282024/0        ( 0.0%) 
visdata               [variable]      240853/16777216 ( 1.4%) 
entdata               [variable]      341054/393216   (86.7%) VERY FULL!
LDR ambient table     2638/65536       10552/262144   ( 4.0%) 
HDR ambient table     2638/65536       10552/262144   ( 4.0%) 
LDR leaf ambient     12027/65536      336756/1835008  (18.4%) 
HDR leaf ambient     12027/65536      336756/1835008  (18.4%) 
occluders                0/0               0/0        ( 0.0%) 
occluder polygons        0/0               0/0        ( 0.0%) 
occluder vert ind        0/0               0/0        ( 0.0%) 
detail props          [variable]           1/11808    ( 0.0%) 
dtl prp lght          [variable]           1/4        (25.0%) 
HDR dtl prp lght      [variable]           1/4        (25.0%) 
static props          [variable]           1/16414    ( 0.0%) 
pakfile               [variable]      175893/0        ( 0.0%) 
physics               [variable]     1103593/4194304  (26.3%) 
physics terrain       [variable]          55/1048576  ( 0.0%) 

Level flags = 0

Total triangle count: 40059
Writing d:\documents\gmod maps\ttt_rpd\hammer\ttt_rpd.bsp
1 minute, 9 seconds elapsed
